0 info it worked if it ends with ok
1 verbose cli [ 'C:\\Program Files\\nodejs\\node.exe',
1 verbose cli   'C:\\Program Files\\nodejs\\node_modules\\npm\\bin\\npm-cli.js',
1 verbose cli   'install',
1 verbose cli   '-g',
1 verbose cli   'cordova',
1 verbose cli   'ionic' ]
2 info using npm@3.8.9
3 info using node@v6.2.0
4 silly loadCurrentTree Starting
5 silly install loadCurrentTree
6 silly install readGlobalPackageData
7 silly fetchPackageMetaData cordova
8 silly fetchPackageMetaData ionic
9 silly fetchNamedPackageData cordova
10 silly mapToRegistry name cordova
11 silly mapToRegistry using default registry
12 silly mapToRegistry registry https://registry.npmjs.org/
13 silly mapToRegistry data Result {
13 silly mapToRegistry   raw: 'cordova',
13 silly mapToRegistry   scope: null,
13 silly mapToRegistry   name: 'cordova',
13 silly mapToRegistry   rawSpec: '',
13 silly mapToRegistry   spec: 'latest',
13 silly mapToRegistry   type: 'tag' }
14 silly mapToRegistry uri https://registry.npmjs.org/cordova
15 silly fetchNamedPackageData ionic
16 silly mapToRegistry name ionic
17 silly mapToRegistry using default registry
18 silly mapToRegistry registry https://registry.npmjs.org/
19 silly mapToRegistry data Result {
19 silly mapToRegistry   raw: 'ionic',
19 silly mapToRegistry   scope: null,
19 silly mapToRegistry   name: 'ionic',
19 silly mapToRegistry   rawSpec: '',
19 silly mapToRegistry   spec: 'latest',
19 silly mapToRegistry   type: 'tag' }
20 silly mapToRegistry uri https://registry.npmjs.org/ionic
21 verbose request uri https://registry.npmjs.org/cordova
22 verbose request no auth needed
23 info attempt registry request try #1 at 12:31:56
24 verbose request id 2fcdd99dd930ce06
25 verbose etag "8RK8Z4O0O9A0ACDRF18QOF4RO"
26 http request GET https://registry.npmjs.org/cordova
27 verbose request uri https://registry.npmjs.org/ionic
28 verbose request no auth needed
29 info attempt registry request try #1 at 12:31:56
30 verbose etag "1OBFUCKY5DQ9WIJ26Z9YZ374Y"
31 http request GET https://registry.npmjs.org/ionic
32 http 304 https://registry.npmjs.org/ionic
33 verbose headers { date: 'Wed, 09 Nov 2016 04:32:01 GMT',
33 verbose headers   via: '1.1 varnish',
33 verbose headers   'cache-control': 'max-age=300',
33 verbose headers   etag: '"1OBFUCKY5DQ9WIJ26Z9YZ374Y"',
33 verbose headers   age: '0',
33 verbose headers   connection: 'keep-alive',
33 verbose headers   'x-served-by': 'cache-lcy1132-LCY',
33 verbose headers   'x-cache': 'HIT',
33 verbose headers   'x-cache-hits': '1',
33 verbose headers   'x-timer': 'S1478665921.807537,VS0,VE152',
33 verbose headers   vary: 'Accept-Encoding' }
34 silly get cb [ 304,
34 silly get   { date: 'Wed, 09 Nov 2016 04:32:01 GMT',
34 silly get     via: '1.1 varnish',
34 silly get     'cache-control': 'max-age=300',
34 silly get     etag: '"1OBFUCKY5DQ9WIJ26Z9YZ374Y"',
34 silly get     age: '0',
34 silly get     connection: 'keep-alive',
34 silly get     'x-served-by': 'cache-lcy1132-LCY',
34 silly get     'x-cache': 'HIT',
34 silly get     'x-cache-hits': '1',
34 silly get     'x-timer': 'S1478665921.807537,VS0,VE152',
34 silly get     vary: 'Accept-Encoding' } ]
35 verbose etag https://registry.npmjs.org/ionic from cache
36 verbose get saving ionic to C:\Users\my\AppData\Roaming\npm-cache\registry.npmjs.org\ionic\.cache.json
37 verbose correctMkdir C:\Users\my\AppData\Roaming\npm-cache correctMkdir not in flight; initializing
38 http 200 https://registry.npmjs.org/cordova
39 verbose headers { server: 'CouchDB/1.5.0 (Erlang OTP/R16B03)',
39 verbose headers   etag: '"8ZJIFNG90SBQVM57597QB8AC2"',
39 verbose headers   'content-type': 'application/json',
39 verbose headers   'content-encoding': 'gzip',
39 verbose headers   'cache-control': 'max-age=300',
39 verbose headers   'content-length': '62756',
39 verbose headers   'accept-ranges': 'bytes',
39 verbose headers   date: 'Wed, 09 Nov 2016 04:32:01 GMT',
39 verbose headers   via: '1.1 varnish',
39 verbose headers   age: '19',
39 verbose headers   connection: 'keep-alive',
39 verbose headers   'x-served-by': 'cache-lcy1126-LCY',
39 verbose headers   'x-cache': 'HIT',
39 verbose headers   'x-cache-hits': '1',
39 verbose headers   'x-timer': 'S1478665921.014918,VS0,VE0',
39 verbose headers   vary: 'Accept-Encoding' }
40 silly get cb [ 200,
40 silly get   { server: 'CouchDB/1.5.0 (Erlang OTP/R16B03)',
40 silly get     etag: '"8ZJIFNG90SBQVM57597QB8AC2"',
40 silly get     'content-type': 'application/json',
40 silly get     'content-encoding': 'gzip',
40 silly get     'cache-control': 'max-age=300',
40 silly get     'content-length': '62756',
40 silly get     'accept-ranges': 'bytes',
40 silly get     date: 'Wed, 09 Nov 2016 04:32:01 GMT',
40 silly get     via: '1.1 varnish',
40 silly get     age: '19',
40 silly get     connection: 'keep-alive',
40 silly get     'x-served-by': 'cache-lcy1126-LCY',
40 silly get     'x-cache': 'HIT',
40 silly get     'x-cache-hits': '1',
40 silly get     'x-timer': 'S1478665921.014918,VS0,VE0',
40 silly get     vary: 'Accept-Encoding' } ]
41 verbose get saving cordova to C:\Users\my\AppData\Roaming\npm-cache\registry.npmjs.org\cordova\.cache.json
42 verbose correctMkdir C:\Users\my\AppData\Roaming\npm-cache correctMkdir not in flight; initializing
43 silly install normalizeTree
44 silly loadCurrentTree Finishing
45 silly loadIdealTree Starting
46 silly install loadIdealTree
47 silly cloneCurrentTree Starting
48 silly install cloneCurrentTreeToIdealTree
49 silly cloneCurrentTree Finishing
50 silly loadShrinkwrap Starting
51 silly install loadShrinkwrap
52 silly loadShrinkwrap Finishing
53 silly loadAllDepsIntoIdealTree Starting
54 silly install loadAllDepsIntoIdealTree
55 silly resolveWithNewModule ionic@2.1.4 checking installable status
56 silly cache add args [ 'ionic', null ]
57 verbose cache add spec ionic
58 silly resolveWithNewModule cordova@6.4.0 checking installable status
59 silly cache add args [ 'cordova', null ]
60 verbose cache add spec cordova
61 silly cache add parsed spec Result {
61 silly cache add   raw: 'ionic',
61 silly cache add   scope: null,
61 silly cache add   name: 'ionic',
61 silly cache add   rawSpec: '',
61 silly cache add   spec: 'latest',
61 silly cache add   type: 'tag' }
62 silly addNamed ionic@latest
63 verbose addNamed "latest" is being treated as a dist-tag for ionic
64 info addNameTag [ 'ionic', 'latest' ]
65 silly mapToRegistry name ionic
66 silly mapToRegistry using default registry
67 silly mapToRegistry registry https://registry.npmjs.org/
68 silly mapToRegistry data Result {
68 silly mapToRegistry   raw: 'ionic',
68 silly mapToRegistry   scope: null,
68 silly mapToRegistry   name: 'ionic',
68 silly mapToRegistry   rawSpec: '',
68 silly mapToRegistry   spec: 'latest',
68 silly mapToRegistry   type: 'tag' }
69 silly mapToRegistry uri https://registry.npmjs.org/ionic
70 verbose addNameTag registry:https://registry.npmjs.org/ionic not in flight; fetching
71 silly cache add parsed spec Result {
71 silly cache add   raw: 'cordova',
71 silly cache add   scope: null,
71 silly cache add   name: 'cordova',
71 silly cache add   rawSpec: '',
71 silly cache add   spec: 'latest',
71 silly cache add   type: 'tag' }
72 silly addNamed cordova@latest
73 verbose addNamed "latest" is being treated as a dist-tag for cordova
74 info addNameTag [ 'cordova', 'latest' ]
75 silly mapToRegistry name cordova
76 silly mapToRegistry using default registry
77 silly mapToRegistry registry https://registry.npmjs.org/
78 silly mapToRegistry data Result {
78 silly mapToRegistry   raw: 'cordova',
78 silly mapToRegistry   scope: null,
78 silly mapToRegistry   name: 'cordova',
78 silly mapToRegistry   rawSpec: '',
78 silly mapToRegistry   spec: 'latest',
78 silly mapToRegistry   type: 'tag' }
79 silly mapToRegistry uri https://registry.npmjs.org/cordova
80 verbose addNameTag registry:https://registry.npmjs.org/cordova not in flight; fetching
81 verbose request uri https://registry.npmjs.org/ionic
82 verbose request no auth needed
83 info attempt registry request try #1 at 12:35:06
84 verbose etag "1OBFUCKY5DQ9WIJ26Z9YZ374Y"
85 http request GET https://registry.npmjs.org/ionic
86 verbose get https://registry.npmjs.org/cordova not expired, no request
87 silly addNameTag next cb for cordova with tag latest
88 silly addNamed cordova@6.4.0
89 verbose addNamed "6.4.0" is a plain semver version for cordova
90 silly cache afterAdd cordova@6.4.0
91 verbose afterAdd C:\Users\my\AppData\Roaming\npm-cache\cordova\6.4.0\package\package.json not in flight; writing
92 verbose correctMkdir C:\Users\my\AppData\Roaming\npm-cache correctMkdir not in flight; initializing
93 verbose afterAdd C:\Users\my\AppData\Roaming\npm-cache\cordova\6.4.0\package\package.json written
94 http 304 https://registry.npmjs.org/ionic
95 verbose headers { date: 'Wed, 09 Nov 2016 04:35:05 GMT',
95 verbose headers   via: '1.1 varnish',
95 verbose headers   'cache-control': 'max-age=300',
95 verbose headers   etag: '"1OBFUCKY5DQ9WIJ26Z9YZ374Y"',
95 verbose headers   age: '183',
95 verbose headers   connection: 'keep-alive',
95 verbose headers   'x-served-by': 'cache-lcy1132-LCY',
95 verbose headers   'x-cache': 'HIT',
95 verbose headers   'x-cache-hits': '2',
95 verbose headers   'x-timer': 'S1478666105.424341,VS0,VE0',
95 verbose headers   vary: 'Accept-Encoding' }
96 silly get cb [ 304,
96 silly get   { date: 'Wed, 09 Nov 2016 04:35:05 GMT',
96 silly get     via: '1.1 varnish',
96 silly get     'cache-control': 'max-age=300',
96 silly get     etag: '"1OBFUCKY5DQ9WIJ26Z9YZ374Y"',
96 silly get     age: '183',
96 silly get     connection: 'keep-alive',
96 silly get     'x-served-by': 'cache-lcy1132-LCY',
96 silly get     'x-cache': 'HIT',
96 silly get     'x-cache-hits': '2',
96 silly get     'x-timer': 'S1478666105.424341,VS0,VE0',
96 silly get     vary: 'Accept-Encoding' } ]
97 verbose etag https://registry.npmjs.org/ionic from cache
98 verbose get saving ionic to C:\Users\my\AppData\Roaming\npm-cache\registry.npmjs.org\ionic\.cache.json
99 verbose correctMkdir C:\Users\my\AppData\Roaming\npm-cache correctMkdir not in flight; initializing
100 silly addNameTag next cb for ionic with tag latest
101 silly addNamed ionic@2.1.4
102 verbose addNamed "2.1.4" is a plain semver version for ionic
103 silly mapToRegistry name ionic
104 silly mapToRegistry using default registry
105 silly mapToRegistry registry https://registry.npmjs.org/
106 silly mapToRegistry data Result {
106 silly mapToRegistry   raw: 'ionic',
106 silly mapToRegistry   scope: null,
106 silly mapToRegistry   name: 'ionic',
106 silly mapToRegistry   rawSpec: '',
106 silly mapToRegistry   spec: 'latest',
106 silly mapToRegistry   type: 'tag' }
107 silly mapToRegistry uri https://registry.npmjs.org/ionic
108 verbose addRemoteTarball https://registry.npmjs.org/ionic/-/ionic-2.1.4.tgz not in flight; adding
109 verbose addRemoteTarball [ 'https://registry.npmjs.org/ionic/-/ionic-2.1.4.tgz',
109 verbose addRemoteTarball   '3e799d20ea079c0191ed5f0d187f565c539879db' ]
110 info retry fetch attempt 1 at 12:35:07
111 info attempt registry request try #1 at 12:35:07
112 http fetch GET https://registry.npmjs.org/ionic/-/ionic-2.1.4.tgz
113 http fetch 200 https://registry.npmjs.org/ionic/-/ionic-2.1.4.tgz
114 silly fetchAndShaCheck shasum 3e799d20ea079c0191ed5f0d187f565c539879db
115 silly rollbackFailedOptional Starting
116 silly rollbackFailedOptional Finishing
117 silly runTopLevelLifecycles Starting
118 silly runTopLevelLifecycles Finishing
119 silly install printInstalled
120 verbose stack Error: shasum check failed for C:\Users\my\AppData\Local\Temp\npm-5748-cc38dde1\registry.npmjs.org\ionic\-\ionic-2.1.4.tgz
120 verbose stack Expected: 3e799d20ea079c0191ed5f0d187f565c539879db
120 verbose stack Actual:   58b21ebc407b5a7c1394e6440fed462b9636ce41
120 verbose stack From:     https://registry.npmjs.org/ionic/-/ionic-2.1.4.tgz
120 verbose stack     at C:\Program Files\nodejs\node_modules\npm\node_modules\sha\index.js:25:8
120 verbose stack     at ReadStream.<anonymous> (C:\Program Files\nodejs\node_modules\npm\node_modules\sha\index.js:72:7)
120 verbose stack     at emitNone (events.js:91:20)
120 verbose stack     at ReadStream.emit (events.js:185:7)
120 verbose stack     at endReadableNT (_stream_readable.js:926:12)
120 verbose stack     at _combinedTickCallback (internal/process/next_tick.js:74:11)
120 verbose stack     at process._tickCallback (internal/process/next_tick.js:98:9)
121 verbose cwd D:\resume
122 error Windows_NT 6.1.7601
123 error argv "C:\\Program Files\\nodejs\\node.exe" "C:\\Program Files\\nodejs\\node_modules\\npm\\bin\\npm-cli.js" "install" "-g" "cordova" "ionic"
124 error node v6.2.0
125 error npm  v3.8.9
126 error shasum check failed for C:\Users\my\AppData\Local\Temp\npm-5748-cc38dde1\registry.npmjs.org\ionic\-\ionic-2.1.4.tgz
126 error Expected: 3e799d20ea079c0191ed5f0d187f565c539879db
126 error Actual:   58b21ebc407b5a7c1394e6440fed462b9636ce41
126 error From:     https://registry.npmjs.org/ionic/-/ionic-2.1.4.tgz
127 error If you need help, you may report this error at:
127 error     <https://github.com/npm/npm/issues>
128 verbose exit [ 1, true ]
